<?xml version="1.0" encoding="UTF-8" ?>
<testsuite failures="0" time="0.003" errors="0" skipped="0" tests="4" name="com.theladders.bankkata.money.MoneyTest">
  <properties>
[...]
</properties>
  <testcase time="0" classname="com.theladders.bankkata.money.MoneyTest" name="testIsZero"/>
  <testcase time="0.001" classname="com.theladders.bankkata.money.MoneyTest" name="testCompareTo"/>
  <testcase time="0" classname="com.theladders.bankkata.money.MoneyTest" name="testEquals"/>
  <testcase time="0" classname="com.theladders.bankkata.money.MoneyTest" name="testAddition"/>
</testsuite>